<?xml version="1.0" encoding="UTF-8"?>
<robot generator="Robot 3.2.2 (Python 3.8.3 on darwin)" generated="20210309 00:34:40.256" rpa="false">
<suite id="s1" name="Keyword Driven" source="/Users/sean.hollen/Desktop/code/RobotFramework/keyword_driven.robot">
<test id="s1-t1" name="One Exercise Test">
<kw name="Expect Summary" library="ExerciseLibrary">
<arguments>
<arg>13 0 0</arg>
</arguments>
<status status="PASS" starttime="20210309 00:34:40.330" endtime="20210309 00:34:40.330"></status>
</kw>
<kw name="Exercise" library="ExerciseLibrary">
<doc>Example:
or
    Exercise    bench press: 4 sets
or
    Exercise    bench press: 4 sets 5 reps</doc>
<arguments>
<arg>curls: 4 sets</arg>
</arguments>
<status status="PASS" starttime="20210309 00:34:40.330" endtime="20210309 00:34:40.331"></status>
</kw>
<kw name="Expect Summary" library="ExerciseLibrary">
<arguments>
<arg>12 1 0</arg>
</arguments>
<status status="PASS" starttime="20210309 00:34:40.331" endtime="20210309 00:34:40.331"></status>
</kw>
<status status="PASS" starttime="20210309 00:34:40.329" endtime="20210309 00:34:40.331" critical="yes"></status>
</test>
<test id="s1-t2" name="Powerlifting Workout Routine (Phrak's Greyskull LP Variant)">
<kw name="Exercise" library="ExerciseLibrary">
<doc>Example:
or
    Exercise    bench press: 4 sets
or
    Exercise    bench press: 4 sets 5 reps</doc>
<arguments>
<arg>overhead press: 3 sets 5 reps</arg>
</arguments>
<status status="PASS" starttime="20210309 00:34:40.333" endtime="20210309 00:34:40.333"></status>
</kw>
<kw name="Exercise" library="ExerciseLibrary">
<doc>Example:
or
    Exercise    bench press: 4 sets
or
    Exercise    bench press: 4 sets 5 reps</doc>
<arguments>
<arg>chinups: 3 sets 5 reps</arg>
</arguments>
<status status="PASS" starttime="20210309 00:34:40.333" endtime="20210309 00:34:40.334"></status>
</kw>
<kw name="Exercise" library="ExerciseLibrary">
<doc>Example:
or
    Exercise    bench press: 4 sets
or
    Exercise    bench press: 4 sets 5 reps</doc>
<arguments>
<arg>squats: 3 sets 5 reps</arg>
</arguments>
<status status="PASS" starttime="20210309 00:34:40.334" endtime="20210309 00:34:40.334"></status>
</kw>
<kw name="Full Rest" library="ExerciseLibrary">
<status status="PASS" starttime="20210309 00:34:40.334" endtime="20210309 00:34:40.335"></status>
</kw>
<kw name="Exercise" library="ExerciseLibrary">
<doc>Example:
or
    Exercise    bench press: 4 sets
or
    Exercise    bench press: 4 sets 5 reps</doc>
<arguments>
<arg>bench press: 3 sets 5 reps</arg>
</arguments>
<status status="PASS" starttime="20210309 00:34:40.335" endtime="20210309 00:34:40.335"></status>
</kw>
<kw name="Exercise" library="ExerciseLibrary">
<doc>Example:
or
    Exercise    bench press: 4 sets
or
    Exercise    bench press: 4 sets 5 reps</doc>
<arguments>
<arg>rows: 3 sets 5 reps</arg>
</arguments>
<status status="PASS" starttime="20210309 00:34:40.335" endtime="20210309 00:34:40.335"></status>
</kw>
<kw name="Exercise" library="ExerciseLibrary">
<doc>Example:
or
    Exercise    bench press: 4 sets
or
    Exercise    bench press: 4 sets 5 reps</doc>
<arguments>
<arg>deadlifts: 1 sets 5 reps</arg>
</arguments>
<status status="PASS" starttime="20210309 00:34:40.336" endtime="20210309 00:34:40.336"></status>
</kw>
<kw name="Full Rest" library="ExerciseLibrary">
<status status="PASS" starttime="20210309 00:34:40.336" endtime="20210309 00:34:40.336"></status>
</kw>
<status status="PASS" starttime="20210309 00:34:40.332" endtime="20210309 00:34:40.336" critical="yes"></status>
</test>
<test id="s1-t3" name="Mark Ripptoe SS Exercise Routine">
<kw name="Exercise" library="ExerciseLibrary">
<doc>Example:
or
    Exercise    bench press: 4 sets
or
    Exercise    bench press: 4 sets 5 reps</doc>
<arguments>
<arg>squats: 3 sets 5 reps</arg>
</arguments>
<status status="PASS" starttime="20210309 00:34:40.337" endtime="20210309 00:34:40.338"></status>
</kw>
<kw name="Exercise" library="ExerciseLibrary">
<doc>Example:
or
    Exercise    bench press: 4 sets
or
    Exercise    bench press: 4 sets 5 reps</doc>
<arguments>
<arg>bench press: 3 sets 5 reps</arg>
</arguments>
<status status="PASS" starttime="20210309 00:34:40.338" endtime="20210309 00:34:40.338"></status>
</kw>
<kw name="Exercise" library="ExerciseLibrary">
<doc>Example:
or
    Exercise    bench press: 4 sets
or
    Exercise    bench press: 4 sets 5 reps</doc>
<arguments>
<arg>deadlifts: 1 sets 5 reps</arg>
</arguments>
<status status="PASS" starttime="20210309 00:34:40.338" endtime="20210309 00:34:40.339"></status>
</kw>
<kw name="Full Rest" library="ExerciseLibrary">
<status status="PASS" starttime="20210309 00:34:40.339" endtime="20210309 00:34:40.339"></status>
</kw>
<kw name="Exercise" library="ExerciseLibrary">
<doc>Example:
or
    Exercise    bench press: 4 sets
or
    Exercise    bench press: 4 sets 5 reps</doc>
<arguments>
<arg>squats: 3 sets 5 reps</arg>
</arguments>
<status status="PASS" starttime="20210309 00:34:40.339" endtime="20210309 00:34:40.339"></status>
</kw>
<kw name="Exercise" library="ExerciseLibrary">
<doc>Example:
or
    Exercise    bench press: 4 sets
or
    Exercise    bench press: 4 sets 5 reps</doc>
<arguments>
<arg>overhead press: 3 sets 5 reps</arg>
</arguments>
<status status="PASS" starttime="20210309 00:34:40.339" endtime="20210309 00:34:40.340"></status>
</kw>
<kw name="Exercise" library="ExerciseLibrary">
<doc>Example:
or
    Exercise    bench press: 4 sets
or
    Exercise    bench press: 4 sets 5 reps</doc>
<arguments>
<arg>deadlifts: 1 sets 5 reps</arg>
</arguments>
<status status="PASS" starttime="20210309 00:34:40.340" endtime="20210309 00:34:40.340"></status>
</kw>
<kw name="Full Rest" library="ExerciseLibrary">
<status status="PASS" starttime="20210309 00:34:40.340" endtime="20210309 00:34:40.340"></status>
</kw>
<kw name="Exercise" library="ExerciseLibrary">
<doc>Example:
or
    Exercise    bench press: 4 sets
or
    Exercise    bench press: 4 sets 5 reps</doc>
<arguments>
<arg>squats: 3 sets 5 reps</arg>
</arguments>
<status status="PASS" starttime="20210309 00:34:40.340" endtime="20210309 00:34:40.340"></status>
</kw>
<kw name="Exercise" library="ExerciseLibrary">
<doc>Example:
or
    Exercise    bench press: 4 sets
or
    Exercise    bench press: 4 sets 5 reps</doc>
<arguments>
<arg>bench press: 3 sets 5 reps</arg>
</arguments>
<status status="PASS" starttime="20210309 00:34:40.341" endtime="20210309 00:34:40.341"></status>
</kw>
<kw name="Exercise" library="ExerciseLibrary">
<doc>Example:
or
    Exercise    bench press: 4 sets
or
    Exercise    bench press: 4 sets 5 reps</doc>
<arguments>
<arg>chin ups: 3 sets 10 reps</arg>
</arguments>
<status status="PASS" starttime="20210309 00:34:40.341" endtime="20210309 00:34:40.341"></status>
</kw>
<kw name="Full Rest" library="ExerciseLibrary">
<status status="PASS" starttime="20210309 00:34:40.341" endtime="20210309 00:34:40.342"></status>
</kw>
<status status="PASS" starttime="20210309 00:34:40.337" endtime="20210309 00:34:40.342" critical="yes"></status>
</test>
<test id="s1-t4" name="My Routine Before Pandemic">
<kw name="Exercise" library="ExerciseLibrary">
<doc>Example:
or
    Exercise    bench press: 4 sets
or
    Exercise    bench press: 4 sets 5 reps</doc>
<arguments>
<arg>squats: 3 sets 5 reps</arg>
</arguments>
<status status="PASS" starttime="20210309 00:34:40.343" endtime="20210309 00:34:40.343"></status>
</kw>
<kw name="Exercise" library="ExerciseLibrary">
<doc>Example:
or
    Exercise    bench press: 4 sets
or
    Exercise    bench press: 4 sets 5 reps</doc>
<arguments>
<arg>overhead press: 3 sets 5 reps</arg>
</arguments>
<status status="PASS" starttime="20210309 00:34:40.343" endtime="20210309 00:34:40.343"></status>
</kw>
<kw name="Exercise" library="ExerciseLibrary">
<doc>Example:
or
    Exercise    bench press: 4 sets
or
    Exercise    bench press: 4 sets 5 reps</doc>
<arguments>
<arg>chinups: 3 sets 10 reps</arg>
</arguments>
<status status="PASS" starttime="20210309 00:34:40.343" endtime="20210309 00:34:40.343"></status>
</kw>
<kw name="Exercise" library="ExerciseLibrary">
<doc>Example:
or
    Exercise    bench press: 4 sets
or
    Exercise    bench press: 4 sets 5 reps</doc>
<arguments>
<arg>face pulls: 3 sets 10 reps</arg>
</arguments>
<status status="PASS" starttime="20210309 00:34:40.344" endtime="20210309 00:34:40.344"></status>
</kw>
<kw name="Exercise" library="ExerciseLibrary">
<doc>Example:
or
    Exercise    bench press: 4 sets
or
    Exercise    bench press: 4 sets 5 reps</doc>
<arguments>
<arg>dips: 2 sets 10 reps</arg>
</arguments>
<status status="PASS" starttime="20210309 00:34:40.344" endtime="20210309 00:34:40.344"></status>
</kw>
<kw name="Exercise" library="ExerciseLibrary">
<doc>Example:
or
    Exercise    bench press: 4 sets
or
    Exercise    bench press: 4 sets 5 reps</doc>
<arguments>
<arg>hanging leg raises: 2 sets 10 reps</arg>
</arguments>
<status status="PASS" starttime="20210309 00:34:40.344" endtime="20210309 00:34:40.345"></status>
</kw>
<kw name="Exercise" library="ExerciseLibrary">
<doc>Example:
or
    Exercise    bench press: 4 sets
or
    Exercise    bench press: 4 sets 5 reps</doc>
<arguments>
<arg>farmers carries: 2 sets 5 reps</arg>
</arguments>
<status status="PASS" starttime="20210309 00:34:40.345" endtime="20210309 00:34:40.345"></status>
</kw>
<kw name="Full Rest" library="ExerciseLibrary">
<status status="PASS" starttime="20210309 00:34:40.345" endtime="20210309 00:34:40.345"></status>
</kw>
<kw name="Exercise" library="ExerciseLibrary">
<doc>Example:
or
    Exercise    bench press: 4 sets
or
    Exercise    bench press: 4 sets 5 reps</doc>
<arguments>
<arg>deadlifts: 1 sets 5 reps</arg>
</arguments>
<status status="PASS" starttime="20210309 00:34:40.346" endtime="20210309 00:34:40.346"></status>
</kw>
<kw name="Exercise" library="ExerciseLibrary">
<doc>Example:
or
    Exercise    bench press: 4 sets
or
    Exercise    bench press: 4 sets 5 reps</doc>
<arguments>
<arg>rack pulls: 1 sets 10 reps</arg>
</arguments>
<status status="PASS" starttime="20210309 00:34:40.346" endtime="20210309 00:34:40.346"></status>
</kw>
<kw name="Exercise" library="ExerciseLibrary">
<doc>Example:
or
    Exercise    bench press: 4 sets
or
    Exercise    bench press: 4 sets 5 reps</doc>
<arguments>
<arg>bench press: 3 sets 5 reps</arg>
</arguments>
<status status="PASS" starttime="20210309 00:34:40.347" endtime="20210309 00:34:40.347"></status>
</kw>
<kw name="Exercise" library="ExerciseLibrary">
<doc>Example:
or
    Exercise    bench press: 4 sets
or
    Exercise    bench press: 4 sets 5 reps</doc>
<arguments>
<arg>face pulls: 2 sets 10 reps</arg>
</arguments>
<status status="PASS" starttime="20210309 00:34:40.347" endtime="20210309 00:34:40.347"></status>
</kw>
<kw name="Exercise" library="ExerciseLibrary">
<doc>Example:
or
    Exercise    bench press: 4 sets
or
    Exercise    bench press: 4 sets 5 reps</doc>
<arguments>
<arg>curls: 2 sets 10 reps</arg>
</arguments>
<status status="PASS" starttime="20210309 00:34:40.347" endtime="20210309 00:34:40.347"></status>
</kw>
<kw name="Exercise" library="ExerciseLibrary">
<doc>Example:
or
    Exercise    bench press: 4 sets
or
    Exercise    bench press: 4 sets 5 reps</doc>
<arguments>
<arg>situps: 2 sets 10 reps</arg>
</arguments>
<status status="PASS" starttime="20210309 00:34:40.347" endtime="20210309 00:34:40.348"></status>
</kw>
<kw name="Exercise" library="ExerciseLibrary">
<doc>Example:
or
    Exercise    bench press: 4 sets
or
    Exercise    bench press: 4 sets 5 reps</doc>
<arguments>
<arg>calf raises: 2 sets 10 reps</arg>
</arguments>
<status status="PASS" starttime="20210309 00:34:40.348" endtime="20210309 00:34:40.348"></status>
</kw>
<kw name="Full Rest" library="ExerciseLibrary">
<status status="PASS" starttime="20210309 00:34:40.348" endtime="20210309 00:34:40.348"></status>
</kw>
<status status="PASS" starttime="20210309 00:34:40.342" endtime="20210309 00:34:40.348" critical="yes"></status>
</test>
<test id="s1-t5" name="Lawrence Ballenger Bodybuilding Workout Split">
<kw name="Exercise" library="ExerciseLibrary">
<doc>Example:
or
    Exercise    bench press: 4 sets
or
    Exercise    bench press: 4 sets 5 reps</doc>
<arguments>
<arg>squats: 4 sets</arg>
</arguments>
<status status="PASS" starttime="20210309 00:34:40.349" endtime="20210309 00:34:40.350"></status>
</kw>
<kw name="Exercise" library="ExerciseLibrary">
<doc>Example:
or
    Exercise    bench press: 4 sets
or
    Exercise    bench press: 4 sets 5 reps</doc>
<arguments>
<arg>leg press: 4 sets</arg>
</arguments>
<status status="PASS" starttime="20210309 00:34:40.350" endtime="20210309 00:34:40.350"></status>
</kw>
<kw name="Exercise" library="ExerciseLibrary">
<doc>Example:
or
    Exercise    bench press: 4 sets
or
    Exercise    bench press: 4 sets 5 reps</doc>
<arguments>
<arg>squats: 4 sets</arg>
</arguments>
<status status="PASS" starttime="20210309 00:34:40.350" endtime="20210309 00:34:40.350"></status>
</kw>
<kw name="Exercise" library="ExerciseLibrary">
<doc>Example:
or
    Exercise    bench press: 4 sets
or
    Exercise    bench press: 4 sets 5 reps</doc>
<arguments>
<arg>leg press: 4 sets</arg>
</arguments>
<status status="PASS" starttime="20210309 00:34:40.350" endtime="20210309 00:34:40.351"></status>
</kw>
<kw name="Exercise" library="ExerciseLibrary">
<doc>Example:
or
    Exercise    bench press: 4 sets
or
    Exercise    bench press: 4 sets 5 reps</doc>
<arguments>
<arg>leg extensions: 4 sets</arg>
</arguments>
<status status="PASS" starttime="20210309 00:34:40.351" endtime="20210309 00:34:40.351"></status>
</kw>
<kw name="Rest" library="ExerciseLibrary">
<arguments>
<arg>0.5</arg>
</arguments>
<status status="PASS" starttime="20210309 00:34:40.351" endtime="20210309 00:34:40.351"></status>
</kw>
<kw name="Exercise" library="ExerciseLibrary">
<doc>Example:
or
    Exercise    bench press: 4 sets
or
    Exercise    bench press: 4 sets 5 reps</doc>
<arguments>
<arg>pullups: 4 reps</arg>
</arguments>
<status status="PASS" starttime="20210309 00:34:40.351" endtime="20210309 00:34:40.352"></status>
</kw>
<kw name="Exercise" library="ExerciseLibrary">
<doc>Example:
or
    Exercise    bench press: 4 sets
or
    Exercise    bench press: 4 sets 5 reps</doc>
<arguments>
<arg>chinups: 4 reps</arg>
</arguments>
<status status="PASS" starttime="20210309 00:34:40.352" endtime="20210309 00:34:40.352"></status>
</kw>
<kw name="Exercise" library="ExerciseLibrary">
<doc>Example:
or
    Exercise    bench press: 4 sets
or
    Exercise    bench press: 4 sets 5 reps</doc>
<arguments>
<arg>rows: 4 reps</arg>
</arguments>
<status status="PASS" starttime="20210309 00:34:40.352" endtime="20210309 00:34:40.352"></status>
</kw>
<kw name="Exercise" library="ExerciseLibrary">
<doc>Example:
or
    Exercise    bench press: 4 sets
or
    Exercise    bench press: 4 sets 5 reps</doc>
<arguments>
<arg>deadlifts: 4 reps</arg>
</arguments>
<status status="PASS" starttime="20210309 00:34:40.352" endtime="20210309 00:34:40.353"></status>
</kw>
<kw name="Exercise" library="ExerciseLibrary">
<doc>Example:
or
    Exercise    bench press: 4 sets
or
    Exercise    bench press: 4 sets 5 reps</doc>
<arguments>
<arg>rows: 4 reps</arg>
</arguments>
<status status="PASS" starttime="20210309 00:34:40.353" endtime="20210309 00:34:40.353"></status>
</kw>
<kw name="Exercise" library="ExerciseLibrary">
<doc>Example:
or
    Exercise    bench press: 4 sets
or
    Exercise    bench press: 4 sets 5 reps</doc>
<arguments>
<arg>pullups: 4 reps</arg>
</arguments>
<status status="PASS" starttime="20210309 00:34:40.353" endtime="20210309 00:34:40.353"></status>
</kw>
<kw name="Exercise" library="ExerciseLibrary">
<doc>Example:
or
    Exercise    bench press: 4 sets
or
    Exercise    bench press: 4 sets 5 reps</doc>
<arguments>
<arg>shrugs: 4 reps</arg>
</arguments>
<status status="PASS" starttime="20210309 00:34:40.354" endtime="20210309 00:34:40.354"></status>
</kw>
<kw name="Rest" library="ExerciseLibrary">
<arguments>
<arg>0.5</arg>
</arguments>
<status status="PASS" starttime="20210309 00:34:40.354" endtime="20210309 00:34:40.354"></status>
</kw>
<kw name="Exercise" library="ExerciseLibrary">
<doc>Example:
or
    Exercise    bench press: 4 sets
or
    Exercise    bench press: 4 sets 5 reps</doc>
<arguments>
<arg>bench press: 4 reps</arg>
</arguments>
<status status="PASS" starttime="20210309 00:34:40.354" endtime="20210309 00:34:40.354"></status>
</kw>
<kw name="Exercise" library="ExerciseLibrary">
<doc>Example:
or
    Exercise    bench press: 4 sets
or
    Exercise    bench press: 4 sets 5 reps</doc>
<arguments>
<arg>bench press: 4 reps</arg>
</arguments>
<status status="PASS" starttime="20210309 00:34:40.355" endtime="20210309 00:34:40.355"></status>
</kw>
<kw name="Exercise" library="ExerciseLibrary">
<doc>Example:
or
    Exercise    bench press: 4 sets
or
    Exercise    bench press: 4 sets 5 reps</doc>
<arguments>
<arg>overhead press: 4 reps</arg>
</arguments>
<status status="PASS" starttime="20210309 00:34:40.355" endtime="20210309 00:34:40.355"></status>
</kw>
<kw name="Exercise" library="ExerciseLibrary">
<doc>Example:
or
    Exercise    bench press: 4 sets
or
    Exercise    bench press: 4 sets 5 reps</doc>
<arguments>
<arg>flyes: 4 reps</arg>
</arguments>
<status status="PASS" starttime="20210309 00:34:40.356" endtime="20210309 00:34:40.356"></status>
</kw>
<kw name="Exercise" library="ExerciseLibrary">
<doc>Example:
or
    Exercise    bench press: 4 sets
or
    Exercise    bench press: 4 sets 5 reps</doc>
<arguments>
<arg>dips: 4 reps</arg>
</arguments>
<status status="PASS" starttime="20210309 00:34:40.356" endtime="20210309 00:34:40.356"></status>
</kw>
<kw name="Rest" library="ExerciseLibrary">
<arguments>
<arg>0.5</arg>
</arguments>
<status status="PASS" starttime="20210309 00:34:40.356" endtime="20210309 00:34:40.356"></status>
</kw>
<kw name="Exercise" library="ExerciseLibrary">
<doc>Example:
or
    Exercise    bench press: 4 sets
or
    Exercise    bench press: 4 sets 5 reps</doc>
<arguments>
<arg>leg curls: 4 reps</arg>
</arguments>
<status status="PASS" starttime="20210309 00:34:40.357" endtime="20210309 00:34:40.357"></status>
</kw>
<kw name="Exercise" library="ExerciseLibrary">
<doc>Example:
or
    Exercise    bench press: 4 sets
or
    Exercise    bench press: 4 sets 5 reps</doc>
<arguments>
<arg>deadlifts: 4 reps</arg>
</arguments>
<status status="PASS" starttime="20210309 00:34:40.357" endtime="20210309 00:34:40.357"></status>
</kw>
<kw name="Exercise" library="ExerciseLibrary">
<doc>Example:
or
    Exercise    bench press: 4 sets
or
    Exercise    bench press: 4 sets 5 reps</doc>
<arguments>
<arg>squats: 4 reps</arg>
</arguments>
<status status="PASS" starttime="20210309 00:34:40.357" endtime="20210309 00:34:40.357"></status>
</kw>
<kw name="Exercise" library="ExerciseLibrary">
<doc>Example:
or
    Exercise    bench press: 4 sets
or
    Exercise    bench press: 4 sets 5 reps</doc>
<arguments>
<arg>calf raises: 4 reps</arg>
</arguments>
<status status="PASS" starttime="20210309 00:34:40.358" endtime="20210309 00:34:40.358"></status>
</kw>
<kw name="Exercise" library="ExerciseLibrary">
<doc>Example:
or
    Exercise    bench press: 4 sets
or
    Exercise    bench press: 4 sets 5 reps</doc>
<arguments>
<arg>calf raises: 4 reps</arg>
</arguments>
<status status="PASS" starttime="20210309 00:34:40.358" endtime="20210309 00:34:40.358"></status>
</kw>
<kw name="Exercise" library="ExerciseLibrary">
<doc>Example:
or
    Exercise    bench press: 4 sets
or
    Exercise    bench press: 4 sets 5 reps</doc>
<arguments>
<arg>squats: 4 reps</arg>
</arguments>
<status status="PASS" starttime="20210309 00:34:40.358" endtime="20210309 00:34:40.359"></status>
</kw>
<kw name="Rest" library="ExerciseLibrary">
<arguments>
<arg>0.5</arg>
</arguments>
<status status="PASS" starttime="20210309 00:34:40.359" endtime="20210309 00:34:40.359"></status>
</kw>
<kw name="Exercise" library="ExerciseLibrary">
<doc>Example:
or
    Exercise    bench press: 4 sets
or
    Exercise    bench press: 4 sets 5 reps</doc>
<arguments>
<arg>lat raises: 4 reps</arg>
</arguments>
<status status="PASS" starttime="20210309 00:34:40.359" endtime="20210309 00:34:40.359"></status>
</kw>
<kw name="Exercise" library="ExerciseLibrary">
<doc>Example:
or
    Exercise    bench press: 4 sets
or
    Exercise    bench press: 4 sets 5 reps</doc>
<arguments>
<arg>lat raises: 4 reps</arg>
</arguments>
<status status="PASS" starttime="20210309 00:34:40.359" endtime="20210309 00:34:40.360"></status>
</kw>
<kw name="Exercise" library="ExerciseLibrary">
<doc>Example:
or
    Exercise    bench press: 4 sets
or
    Exercise    bench press: 4 sets 5 reps</doc>
<arguments>
<arg>rows: 4 reps</arg>
</arguments>
<status status="PASS" starttime="20210309 00:34:40.360" endtime="20210309 00:34:40.360"></status>
</kw>
<kw name="Exercise" library="ExerciseLibrary">
<doc>Example:
or
    Exercise    bench press: 4 sets
or
    Exercise    bench press: 4 sets 5 reps</doc>
<arguments>
<arg>overhead press: 4 reps</arg>
</arguments>
<status status="PASS" starttime="20210309 00:34:40.360" endtime="20210309 00:34:40.360"></status>
</kw>
<kw name="Exercise" library="ExerciseLibrary">
<doc>Example:
or
    Exercise    bench press: 4 sets
or
    Exercise    bench press: 4 sets 5 reps</doc>
<arguments>
<arg>overhead press: 4 reps</arg>
</arguments>
<status status="PASS" starttime="20210309 00:34:40.360" endtime="20210309 00:34:40.361"></status>
</kw>
<kw name="Exercise" library="ExerciseLibrary">
<doc>Example:
or
    Exercise    bench press: 4 sets
or
    Exercise    bench press: 4 sets 5 reps</doc>
<arguments>
<arg>shrugs: 4 reps</arg>
</arguments>
<status status="PASS" starttime="20210309 00:34:40.361" endtime="20210309 00:34:40.361"></status>
</kw>
<kw name="Rest" library="ExerciseLibrary">
<arguments>
<arg>0.5</arg>
</arguments>
<status status="PASS" starttime="20210309 00:34:40.361" endtime="20210309 00:34:40.361"></status>
</kw>
<kw name="Exercise" library="ExerciseLibrary">
<doc>Example:
or
    Exercise    bench press: 4 sets
or
    Exercise    bench press: 4 sets 5 reps</doc>
<arguments>
<arg>curls: 4 reps</arg>
</arguments>
<status status="PASS" starttime="20210309 00:34:40.361" endtime="20210309 00:34:40.362"></status>
</kw>
<kw name="Exercise" library="ExerciseLibrary">
<doc>Example:
or
    Exercise    bench press: 4 sets
or
    Exercise    bench press: 4 sets 5 reps</doc>
<arguments>
<arg>dips: 4 reps</arg>
</arguments>
<status status="PASS" starttime="20210309 00:34:40.362" endtime="20210309 00:34:40.362"></status>
</kw>
<kw name="Exercise" library="ExerciseLibrary">
<doc>Example:
or
    Exercise    bench press: 4 sets
or
    Exercise    bench press: 4 sets 5 reps</doc>
<arguments>
<arg>curls: 4 reps</arg>
</arguments>
<status status="PASS" starttime="20210309 00:34:40.362" endtime="20210309 00:34:40.362"></status>
</kw>
<kw name="Exercise" library="ExerciseLibrary">
<doc>Example:
or
    Exercise    bench press: 4 sets
or
    Exercise    bench press: 4 sets 5 reps</doc>
<arguments>
<arg>tricep pushdowns: 4 reps</arg>
</arguments>
<status status="PASS" starttime="20210309 00:34:40.362" endtime="20210309 00:34:40.363"></status>
</kw>
<kw name="Exercise" library="ExerciseLibrary">
<doc>Example:
or
    Exercise    bench press: 4 sets
or
    Exercise    bench press: 4 sets 5 reps</doc>
<arguments>
<arg>curls: 4 reps</arg>
</arguments>
<status status="PASS" starttime="20210309 00:34:40.363" endtime="20210309 00:34:40.364"></status>
</kw>
<kw name="Exercise" library="ExerciseLibrary">
<doc>Example:
or
    Exercise    bench press: 4 sets
or
    Exercise    bench press: 4 sets 5 reps</doc>
<arguments>
<arg>tricep pullovers: 4 reps</arg>
</arguments>
<status status="PASS" starttime="20210309 00:34:40.364" endtime="20210309 00:34:40.364"></status>
</kw>
<kw name="Exercise" library="ExerciseLibrary">
<doc>Example:
or
    Exercise    bench press: 4 sets
or
    Exercise    bench press: 4 sets 5 reps</doc>
<arguments>
<arg>pull ups: 4 reps</arg>
</arguments>
<status status="PASS" starttime="20210309 00:34:40.364" endtime="20210309 00:34:40.364"></status>
</kw>
<kw name="Exercise" library="ExerciseLibrary">
<doc>Example:
or
    Exercise    bench press: 4 sets
or
    Exercise    bench press: 4 sets 5 reps</doc>
<arguments>
<arg>tricep pushdowns: 4 reps</arg>
</arguments>
<status status="PASS" starttime="20210309 00:34:40.364" endtime="20210309 00:34:40.365"></status>
</kw>
<status status="PASS" starttime="20210309 00:34:40.349" endtime="20210309 00:34:40.365" critical="yes"></status>
</test>
<doc>Test cases
</doc>
<status status="PASS" starttime="20210309 00:34:40.262" endtime="20210309 00:34:40.365"></status>
</suite>
<statistics>
<total>
<stat pass="5" fail="0">Critical Tests</stat>
<stat pass="5" fail="0">All Tests</stat>
</total>
<tag>
</tag>
<suite>
<stat pass="5" fail="0" id="s1" name="Keyword Driven">Keyword Driven</stat>
</suite>
</statistics>
<errors>
</errors>
</robot>
