<?xml version="1.0" encoding="UTF-8"?>
<robot generator="Robot 3.2.2 (Python 3.8.3 on darwin)" generated="20210309 03:00:52.846" rpa="false">
<suite id="s1" name="Keyword Driven" source="/Users/sean.hollen/Desktop/code/RobotFramework/keyword_driven.robot">
<test id="s1-t1" name="One Exercise Test">
<kw name="Expect Summary" library="ExerciseLibrary">
<arguments>
<arg>13 0 0</arg>
</arguments>
<status status="PASS" starttime="20210309 03:00:52.928" endtime="20210309 03:00:52.929"></status>
</kw>
<kw name="Exercise" library="ExerciseLibrary">
<doc>Example:
or
    Exercise    bench press: 4 sets
or
    Exercise    bench press: 4 sets 5 reps</doc>
<arguments>
<arg>curls: 4 sets</arg>
</arguments>
<status status="PASS" starttime="20210309 03:00:52.929" endtime="20210309 03:00:52.930"></status>
</kw>
<kw name="Expect Summary" library="ExerciseLibrary">
<arguments>
<arg>12 1 0</arg>
</arguments>
<status status="PASS" starttime="20210309 03:00:52.930" endtime="20210309 03:00:52.930"></status>
</kw>
<kw name="Expect Most Trained" library="ExerciseLibrary">
<arguments>
<arg>biceps 12</arg>
</arguments>
<status status="PASS" starttime="20210309 03:00:52.931" endtime="20210309 03:00:52.931"></status>
</kw>
<status status="PASS" starttime="20210309 03:00:52.927" endtime="20210309 03:00:52.932" critical="yes"></status>
</test>
<test id="s1-t2" name="Powerlifting Workout Routine (Phrak's Greyskull LP Variant)">
<kw name="Exercise" library="ExerciseLibrary">
<doc>Example:
or
    Exercise    bench press: 4 sets
or
    Exercise    bench press: 4 sets 5 reps</doc>
<arguments>
<arg>overhead press: 3 sets 5 reps</arg>
</arguments>
<status status="PASS" starttime="20210309 03:00:52.934" endtime="20210309 03:00:52.934"></status>
</kw>
<kw name="Exercise" library="ExerciseLibrary">
<doc>Example:
or
    Exercise    bench press: 4 sets
or
    Exercise    bench press: 4 sets 5 reps</doc>
<arguments>
<arg>chinups: 3 sets 5 reps</arg>
</arguments>
<status status="PASS" starttime="20210309 03:00:52.935" endtime="20210309 03:00:52.935"></status>
</kw>
<kw name="Exercise" library="ExerciseLibrary">
<doc>Example:
or
    Exercise    bench press: 4 sets
or
    Exercise    bench press: 4 sets 5 reps</doc>
<arguments>
<arg>squats: 3 sets 5 reps</arg>
</arguments>
<status status="PASS" starttime="20210309 03:00:52.936" endtime="20210309 03:00:52.936"></status>
</kw>
<kw name="Full Rest" library="ExerciseLibrary">
<status status="PASS" starttime="20210309 03:00:52.936" endtime="20210309 03:00:52.937"></status>
</kw>
<kw name="Exercise" library="ExerciseLibrary">
<doc>Example:
or
    Exercise    bench press: 4 sets
or
    Exercise    bench press: 4 sets 5 reps</doc>
<arguments>
<arg>bench press: 3 sets 5 reps</arg>
</arguments>
<status status="PASS" starttime="20210309 03:00:52.937" endtime="20210309 03:00:52.937"></status>
</kw>
<kw name="Exercise" library="ExerciseLibrary">
<doc>Example:
or
    Exercise    bench press: 4 sets
or
    Exercise    bench press: 4 sets 5 reps</doc>
<arguments>
<arg>rows: 3 sets 5 reps</arg>
</arguments>
<status status="PASS" starttime="20210309 03:00:52.938" endtime="20210309 03:00:52.938"></status>
</kw>
<kw name="Exercise" library="ExerciseLibrary">
<doc>Example:
or
    Exercise    bench press: 4 sets
or
    Exercise    bench press: 4 sets 5 reps</doc>
<arguments>
<arg>deadlifts: 1 sets 5 reps</arg>
</arguments>
<status status="PASS" starttime="20210309 03:00:52.939" endtime="20210309 03:00:52.939"></status>
</kw>
<kw name="Full Rest" library="ExerciseLibrary">
<status status="PASS" starttime="20210309 03:00:52.940" endtime="20210309 03:00:52.940"></status>
</kw>
<status status="PASS" starttime="20210309 03:00:52.933" endtime="20210309 03:00:52.941" critical="yes"></status>
</test>
<test id="s1-t3" name="Mark Ripptoe SS Exercise Routine">
<kw name="Exercise" library="ExerciseLibrary">
<doc>Example:
or
    Exercise    bench press: 4 sets
or
    Exercise    bench press: 4 sets 5 reps</doc>
<arguments>
<arg>squats: 3 sets 5 reps</arg>
</arguments>
<status status="PASS" starttime="20210309 03:00:52.943" endtime="20210309 03:00:52.943"></status>
</kw>
<kw name="Exercise" library="ExerciseLibrary">
<doc>Example:
or
    Exercise    bench press: 4 sets
or
    Exercise    bench press: 4 sets 5 reps</doc>
<arguments>
<arg>bench press: 3 sets 5 reps</arg>
</arguments>
<status status="PASS" starttime="20210309 03:00:52.944" endtime="20210309 03:00:52.944"></status>
</kw>
<kw name="Exercise" library="ExerciseLibrary">
<doc>Example:
or
    Exercise    bench press: 4 sets
or
    Exercise    bench press: 4 sets 5 reps</doc>
<arguments>
<arg>deadlifts: 1 sets 5 reps</arg>
</arguments>
<status status="PASS" starttime="20210309 03:00:52.945" endtime="20210309 03:00:52.945"></status>
</kw>
<kw name="Expect Summary" library="ExerciseLibrary">
<arguments>
<arg>8 5 0</arg>
</arguments>
<status status="PASS" starttime="20210309 03:00:52.946" endtime="20210309 03:00:52.946"></status>
</kw>
<kw name="Expect Most Trained" library="ExerciseLibrary">
<arguments>
<arg>glutes 12</arg>
</arguments>
<status status="PASS" starttime="20210309 03:00:52.947" endtime="20210309 03:00:52.947"></status>
</kw>
<kw name="Full Rest" library="ExerciseLibrary">
<status status="PASS" starttime="20210309 03:00:52.947" endtime="20210309 03:00:52.948"></status>
</kw>
<kw name="Exercise" library="ExerciseLibrary">
<doc>Example:
or
    Exercise    bench press: 4 sets
or
    Exercise    bench press: 4 sets 5 reps</doc>
<arguments>
<arg>squats: 3 sets 5 reps</arg>
</arguments>
<status status="PASS" starttime="20210309 03:00:52.948" endtime="20210309 03:00:52.948"></status>
</kw>
<kw name="Exercise" library="ExerciseLibrary">
<doc>Example:
or
    Exercise    bench press: 4 sets
or
    Exercise    bench press: 4 sets 5 reps</doc>
<arguments>
<arg>overhead press: 3 sets 5 reps</arg>
</arguments>
<status status="PASS" starttime="20210309 03:00:52.949" endtime="20210309 03:00:52.949"></status>
</kw>
<kw name="Exercise" library="ExerciseLibrary">
<doc>Example:
or
    Exercise    bench press: 4 sets
or
    Exercise    bench press: 4 sets 5 reps</doc>
<arguments>
<arg>deadlifts: 1 sets 5 reps</arg>
</arguments>
<status status="PASS" starttime="20210309 03:00:52.949" endtime="20210309 03:00:52.950"></status>
</kw>
<kw name="Expect Summary" library="ExerciseLibrary">
<arguments>
<arg>8 5 0</arg>
</arguments>
<status status="PASS" starttime="20210309 03:00:52.950" endtime="20210309 03:00:52.951"></status>
</kw>
<kw name="Expect Most Trained" library="ExerciseLibrary">
<arguments>
<arg>glutes 12</arg>
</arguments>
<status status="PASS" starttime="20210309 03:00:52.951" endtime="20210309 03:00:52.951"></status>
</kw>
<kw name="Full Rest" library="ExerciseLibrary">
<status status="PASS" starttime="20210309 03:00:52.952" endtime="20210309 03:00:52.952"></status>
</kw>
<kw name="Exercise" library="ExerciseLibrary">
<doc>Example:
or
    Exercise    bench press: 4 sets
or
    Exercise    bench press: 4 sets 5 reps</doc>
<arguments>
<arg>squats: 3 sets 5 reps</arg>
</arguments>
<status status="PASS" starttime="20210309 03:00:52.952" endtime="20210309 03:00:52.952"></status>
</kw>
<kw name="Exercise" library="ExerciseLibrary">
<doc>Example:
or
    Exercise    bench press: 4 sets
or
    Exercise    bench press: 4 sets 5 reps</doc>
<arguments>
<arg>bench press: 3 sets 5 reps</arg>
</arguments>
<status status="PASS" starttime="20210309 03:00:52.953" endtime="20210309 03:00:52.953"></status>
</kw>
<kw name="Exercise" library="ExerciseLibrary">
<doc>Example:
or
    Exercise    bench press: 4 sets
or
    Exercise    bench press: 4 sets 5 reps</doc>
<arguments>
<arg>chin ups: 3 sets 10 reps</arg>
</arguments>
<status status="PASS" starttime="20210309 03:00:52.953" endtime="20210309 03:00:52.954"></status>
</kw>
<kw name="Expect Summary" library="ExerciseLibrary">
<arguments>
<arg>5 8 0</arg>
</arguments>
<status status="PASS" starttime="20210309 03:00:52.954" endtime="20210309 03:00:52.954"></status>
</kw>
<kw name="Expect Most Trained" library="ExerciseLibrary">
<arguments>
<arg>biceps 15</arg>
</arguments>
<status status="PASS" starttime="20210309 03:00:52.955" endtime="20210309 03:00:52.955"></status>
</kw>
<kw name="Full Rest" library="ExerciseLibrary">
<status status="PASS" starttime="20210309 03:00:52.955" endtime="20210309 03:00:52.956"></status>
</kw>
<status status="PASS" starttime="20210309 03:00:52.941" endtime="20210309 03:00:52.956" critical="yes"></status>
</test>
<test id="s1-t4" name="My Routine Before Pandemic">
<kw name="Exercise" library="ExerciseLibrary">
<doc>Example:
or
    Exercise    bench press: 4 sets
or
    Exercise    bench press: 4 sets 5 reps</doc>
<arguments>
<arg>squats: 3 sets 5 reps</arg>
</arguments>
<status status="PASS" starttime="20210309 03:00:52.957" endtime="20210309 03:00:52.958"></status>
</kw>
<kw name="Exercise" library="ExerciseLibrary">
<doc>Example:
or
    Exercise    bench press: 4 sets
or
    Exercise    bench press: 4 sets 5 reps</doc>
<arguments>
<arg>overhead press: 3 sets 5 reps</arg>
</arguments>
<status status="PASS" starttime="20210309 03:00:52.958" endtime="20210309 03:00:52.958"></status>
</kw>
<kw name="Exercise" library="ExerciseLibrary">
<doc>Example:
or
    Exercise    bench press: 4 sets
or
    Exercise    bench press: 4 sets 5 reps</doc>
<arguments>
<arg>chinups: 3 sets 10 reps</arg>
</arguments>
<status status="PASS" starttime="20210309 03:00:52.958" endtime="20210309 03:00:52.958"></status>
</kw>
<kw name="Exercise" library="ExerciseLibrary">
<doc>Example:
or
    Exercise    bench press: 4 sets
or
    Exercise    bench press: 4 sets 5 reps</doc>
<arguments>
<arg>face pulls: 3 sets 10 reps</arg>
</arguments>
<status status="PASS" starttime="20210309 03:00:52.958" endtime="20210309 03:00:52.959"></status>
</kw>
<kw name="Exercise" library="ExerciseLibrary">
<doc>Example:
or
    Exercise    bench press: 4 sets
or
    Exercise    bench press: 4 sets 5 reps</doc>
<arguments>
<arg>dips: 2 sets 10 reps</arg>
</arguments>
<status status="PASS" starttime="20210309 03:00:52.959" endtime="20210309 03:00:52.959"></status>
</kw>
<kw name="Exercise" library="ExerciseLibrary">
<doc>Example:
or
    Exercise    bench press: 4 sets
or
    Exercise    bench press: 4 sets 5 reps</doc>
<arguments>
<arg>hanging leg raises: 2 sets 10 reps</arg>
</arguments>
<status status="PASS" starttime="20210309 03:00:52.959" endtime="20210309 03:00:52.959"></status>
</kw>
<kw name="Exercise" library="ExerciseLibrary">
<doc>Example:
or
    Exercise    bench press: 4 sets
or
    Exercise    bench press: 4 sets 5 reps</doc>
<arguments>
<arg>farmers carries: 2 sets 5 reps</arg>
</arguments>
<status status="PASS" starttime="20210309 03:00:52.959" endtime="20210309 03:00:52.960"></status>
</kw>
<kw name="Expect Least Trained" library="ExerciseLibrary">
<arguments>
<arg>calves 3</arg>
</arguments>
<status status="PASS" starttime="20210309 03:00:52.960" endtime="20210309 03:00:52.960"></status>
</kw>
<kw name="Expect Summary" library="ExerciseLibrary">
<arguments>
<arg>3 8 2</arg>
</arguments>
<status status="PASS" starttime="20210309 03:00:52.961" endtime="20210309 03:00:52.961"></status>
</kw>
<kw name="Full Rest" library="ExerciseLibrary">
<status status="PASS" starttime="20210309 03:00:52.962" endtime="20210309 03:00:52.962"></status>
</kw>
<kw name="Expect No Overtrained" library="ExerciseLibrary">
<status status="PASS" starttime="20210309 03:00:52.963" endtime="20210309 03:00:52.963"></status>
</kw>
<kw name="Exercise" library="ExerciseLibrary">
<doc>Example:
or
    Exercise    bench press: 4 sets
or
    Exercise    bench press: 4 sets 5 reps</doc>
<arguments>
<arg>deadlifts: 1 sets 5 reps</arg>
</arguments>
<status status="PASS" starttime="20210309 03:00:52.963" endtime="20210309 03:00:52.964"></status>
</kw>
<kw name="Exercise" library="ExerciseLibrary">
<doc>Example:
or
    Exercise    bench press: 4 sets
or
    Exercise    bench press: 4 sets 5 reps</doc>
<arguments>
<arg>rack pulls: 1 sets 10 reps</arg>
</arguments>
<status status="PASS" starttime="20210309 03:00:52.964" endtime="20210309 03:00:52.964"></status>
</kw>
<kw name="Exercise" library="ExerciseLibrary">
<doc>Example:
or
    Exercise    bench press: 4 sets
or
    Exercise    bench press: 4 sets 5 reps</doc>
<arguments>
<arg>bench press: 3 sets 5 reps</arg>
</arguments>
<status status="PASS" starttime="20210309 03:00:52.965" endtime="20210309 03:00:52.965"></status>
</kw>
<kw name="Exercise" library="ExerciseLibrary">
<doc>Example:
or
    Exercise    bench press: 4 sets
or
    Exercise    bench press: 4 sets 5 reps</doc>
<arguments>
<arg>face pulls: 2 sets 10 reps</arg>
</arguments>
<status status="PASS" starttime="20210309 03:00:52.965" endtime="20210309 03:00:52.966"></status>
</kw>
<kw name="Exercise" library="ExerciseLibrary">
<doc>Example:
or
    Exercise    bench press: 4 sets
or
    Exercise    bench press: 4 sets 5 reps</doc>
<arguments>
<arg>curls: 2 sets 10 reps</arg>
</arguments>
<status status="PASS" starttime="20210309 03:00:52.966" endtime="20210309 03:00:52.966"></status>
</kw>
<kw name="Exercise" library="ExerciseLibrary">
<doc>Example:
or
    Exercise    bench press: 4 sets
or
    Exercise    bench press: 4 sets 5 reps</doc>
<arguments>
<arg>situps: 2 sets 10 reps</arg>
</arguments>
<status status="PASS" starttime="20210309 03:00:52.966" endtime="20210309 03:00:52.966"></status>
</kw>
<kw name="Exercise" library="ExerciseLibrary">
<doc>Example:
or
    Exercise    bench press: 4 sets
or
    Exercise    bench press: 4 sets 5 reps</doc>
<arguments>
<arg>calf raises: 2 sets 10 reps</arg>
</arguments>
<status status="PASS" starttime="20210309 03:00:52.967" endtime="20210309 03:00:52.967"></status>
</kw>
<kw name="Expect Least Trained" library="ExerciseLibrary">
<arguments>
<arg>hamstrings 1</arg>
</arguments>
<status status="PASS" starttime="20210309 03:00:52.967" endtime="20210309 03:00:52.967"></status>
</kw>
<kw name="Expect Summary" library="ExerciseLibrary">
<arguments>
<arg>7 4 0</arg>
</arguments>
<status status="PASS" starttime="20210309 03:00:52.967" endtime="20210309 03:00:52.967"></status>
</kw>
<kw name="Expect No Overtrained" library="ExerciseLibrary">
<status status="PASS" starttime="20210309 03:00:52.967" endtime="20210309 03:00:52.967"></status>
</kw>
<kw name="Full Rest" library="ExerciseLibrary">
<status status="PASS" starttime="20210309 03:00:52.968" endtime="20210309 03:00:52.968"></status>
</kw>
<status status="PASS" starttime="20210309 03:00:52.957" endtime="20210309 03:00:52.969" critical="yes"></status>
</test>
<test id="s1-t5" name="Lawrence Ballenger Bodybuilding Workout Split">
<kw name="Exercise" library="ExerciseLibrary">
<doc>Example:
or
    Exercise    bench press: 4 sets
or
    Exercise    bench press: 4 sets 5 reps</doc>
<arguments>
<arg>squats: 4 sets</arg>
</arguments>
<status status="PASS" starttime="20210309 03:00:52.970" endtime="20210309 03:00:52.970"></status>
</kw>
<kw name="Exercise" library="ExerciseLibrary">
<doc>Example:
or
    Exercise    bench press: 4 sets
or
    Exercise    bench press: 4 sets 5 reps</doc>
<arguments>
<arg>leg press: 4 sets</arg>
</arguments>
<status status="PASS" starttime="20210309 03:00:52.970" endtime="20210309 03:00:52.970"></status>
</kw>
<kw name="Exercise" library="ExerciseLibrary">
<doc>Example:
or
    Exercise    bench press: 4 sets
or
    Exercise    bench press: 4 sets 5 reps</doc>
<arguments>
<arg>squats: 4 sets</arg>
</arguments>
<status status="PASS" starttime="20210309 03:00:52.971" endtime="20210309 03:00:52.971"></status>
</kw>
<kw name="Exercise" library="ExerciseLibrary">
<doc>Example:
or
    Exercise    bench press: 4 sets
or
    Exercise    bench press: 4 sets 5 reps</doc>
<arguments>
<arg>leg press: 4 sets</arg>
</arguments>
<status status="PASS" starttime="20210309 03:00:52.971" endtime="20210309 03:00:52.971"></status>
</kw>
<kw name="Exercise" library="ExerciseLibrary">
<doc>Example:
or
    Exercise    bench press: 4 sets
or
    Exercise    bench press: 4 sets 5 reps</doc>
<arguments>
<arg>leg extensions: 4 sets</arg>
</arguments>
<status status="PASS" starttime="20210309 03:00:52.971" endtime="20210309 03:00:52.972"></status>
</kw>
<kw name="Rest" library="ExerciseLibrary">
<arguments>
<arg>0.5</arg>
</arguments>
<status status="PASS" starttime="20210309 03:00:52.972" endtime="20210309 03:00:52.972"></status>
</kw>
<kw name="Exercise" library="ExerciseLibrary">
<doc>Example:
or
    Exercise    bench press: 4 sets
or
    Exercise    bench press: 4 sets 5 reps</doc>
<arguments>
<arg>pullups: 4 reps</arg>
</arguments>
<status status="PASS" starttime="20210309 03:00:52.972" endtime="20210309 03:00:52.974"></status>
</kw>
<kw name="Exercise" library="ExerciseLibrary">
<doc>Example:
or
    Exercise    bench press: 4 sets
or
    Exercise    bench press: 4 sets 5 reps</doc>
<arguments>
<arg>chinups: 4 reps</arg>
</arguments>
<status status="PASS" starttime="20210309 03:00:52.974" endtime="20210309 03:00:52.975"></status>
</kw>
<kw name="Exercise" library="ExerciseLibrary">
<doc>Example:
or
    Exercise    bench press: 4 sets
or
    Exercise    bench press: 4 sets 5 reps</doc>
<arguments>
<arg>rows: 4 reps</arg>
</arguments>
<status status="PASS" starttime="20210309 03:00:52.975" endtime="20210309 03:00:52.976"></status>
</kw>
<kw name="Exercise" library="ExerciseLibrary">
<doc>Example:
or
    Exercise    bench press: 4 sets
or
    Exercise    bench press: 4 sets 5 reps</doc>
<arguments>
<arg>deadlifts: 4 reps</arg>
</arguments>
<status status="PASS" starttime="20210309 03:00:52.976" endtime="20210309 03:00:52.976"></status>
</kw>
<kw name="Exercise" library="ExerciseLibrary">
<doc>Example:
or
    Exercise    bench press: 4 sets
or
    Exercise    bench press: 4 sets 5 reps</doc>
<arguments>
<arg>rows: 4 reps</arg>
</arguments>
<status status="PASS" starttime="20210309 03:00:52.976" endtime="20210309 03:00:52.977"></status>
</kw>
<kw name="Exercise" library="ExerciseLibrary">
<doc>Example:
or
    Exercise    bench press: 4 sets
or
    Exercise    bench press: 4 sets 5 reps</doc>
<arguments>
<arg>pullups: 4 reps</arg>
</arguments>
<status status="PASS" starttime="20210309 03:00:52.977" endtime="20210309 03:00:52.977"></status>
</kw>
<kw name="Exercise" library="ExerciseLibrary">
<doc>Example:
or
    Exercise    bench press: 4 sets
or
    Exercise    bench press: 4 sets 5 reps</doc>
<arguments>
<arg>shrugs: 4 reps</arg>
</arguments>
<status status="PASS" starttime="20210309 03:00:52.977" endtime="20210309 03:00:52.977"></status>
</kw>
<kw name="Rest" library="ExerciseLibrary">
<arguments>
<arg>0.5</arg>
</arguments>
<status status="PASS" starttime="20210309 03:00:52.978" endtime="20210309 03:00:52.978"></status>
</kw>
<kw name="Exercise" library="ExerciseLibrary">
<doc>Example:
or
    Exercise    bench press: 4 sets
or
    Exercise    bench press: 4 sets 5 reps</doc>
<arguments>
<arg>bench press: 4 reps</arg>
</arguments>
<status status="PASS" starttime="20210309 03:00:52.978" endtime="20210309 03:00:52.978"></status>
</kw>
<kw name="Exercise" library="ExerciseLibrary">
<doc>Example:
or
    Exercise    bench press: 4 sets
or
    Exercise    bench press: 4 sets 5 reps</doc>
<arguments>
<arg>bench press: 4 reps</arg>
</arguments>
<status status="PASS" starttime="20210309 03:00:52.978" endtime="20210309 03:00:52.978"></status>
</kw>
<kw name="Exercise" library="ExerciseLibrary">
<doc>Example:
or
    Exercise    bench press: 4 sets
or
    Exercise    bench press: 4 sets 5 reps</doc>
<arguments>
<arg>overhead press: 4 reps</arg>
</arguments>
<status status="PASS" starttime="20210309 03:00:52.979" endtime="20210309 03:00:52.979"></status>
</kw>
<kw name="Exercise" library="ExerciseLibrary">
<doc>Example:
or
    Exercise    bench press: 4 sets
or
    Exercise    bench press: 4 sets 5 reps</doc>
<arguments>
<arg>flyes: 4 reps</arg>
</arguments>
<status status="PASS" starttime="20210309 03:00:52.979" endtime="20210309 03:00:52.979"></status>
</kw>
<kw name="Exercise" library="ExerciseLibrary">
<doc>Example:
or
    Exercise    bench press: 4 sets
or
    Exercise    bench press: 4 sets 5 reps</doc>
<arguments>
<arg>dips: 4 reps</arg>
</arguments>
<status status="PASS" starttime="20210309 03:00:52.979" endtime="20210309 03:00:52.980"></status>
</kw>
<kw name="Rest" library="ExerciseLibrary">
<arguments>
<arg>0.5</arg>
</arguments>
<status status="PASS" starttime="20210309 03:00:52.980" endtime="20210309 03:00:52.980"></status>
</kw>
<kw name="Exercise" library="ExerciseLibrary">
<doc>Example:
or
    Exercise    bench press: 4 sets
or
    Exercise    bench press: 4 sets 5 reps</doc>
<arguments>
<arg>leg curls: 4 reps</arg>
</arguments>
<status status="PASS" starttime="20210309 03:00:52.980" endtime="20210309 03:00:52.980"></status>
</kw>
<kw name="Exercise" library="ExerciseLibrary">
<doc>Example:
or
    Exercise    bench press: 4 sets
or
    Exercise    bench press: 4 sets 5 reps</doc>
<arguments>
<arg>deadlifts: 4 reps</arg>
</arguments>
<status status="PASS" starttime="20210309 03:00:52.980" endtime="20210309 03:00:52.981"></status>
</kw>
<kw name="Exercise" library="ExerciseLibrary">
<doc>Example:
or
    Exercise    bench press: 4 sets
or
    Exercise    bench press: 4 sets 5 reps</doc>
<arguments>
<arg>squats: 4 reps</arg>
</arguments>
<status status="PASS" starttime="20210309 03:00:52.981" endtime="20210309 03:00:52.981"></status>
</kw>
<kw name="Exercise" library="ExerciseLibrary">
<doc>Example:
or
    Exercise    bench press: 4 sets
or
    Exercise    bench press: 4 sets 5 reps</doc>
<arguments>
<arg>calf raises: 4 reps</arg>
</arguments>
<status status="PASS" starttime="20210309 03:00:52.981" endtime="20210309 03:00:52.982"></status>
</kw>
<kw name="Exercise" library="ExerciseLibrary">
<doc>Example:
or
    Exercise    bench press: 4 sets
or
    Exercise    bench press: 4 sets 5 reps</doc>
<arguments>
<arg>calf raises: 4 reps</arg>
</arguments>
<status status="PASS" starttime="20210309 03:00:52.982" endtime="20210309 03:00:52.982"></status>
</kw>
<kw name="Exercise" library="ExerciseLibrary">
<doc>Example:
or
    Exercise    bench press: 4 sets
or
    Exercise    bench press: 4 sets 5 reps</doc>
<arguments>
<arg>squats: 4 reps</arg>
</arguments>
<status status="PASS" starttime="20210309 03:00:52.982" endtime="20210309 03:00:52.982"></status>
</kw>
<kw name="Rest" library="ExerciseLibrary">
<arguments>
<arg>0.5</arg>
</arguments>
<status status="PASS" starttime="20210309 03:00:52.983" endtime="20210309 03:00:52.983"></status>
</kw>
<kw name="Exercise" library="ExerciseLibrary">
<doc>Example:
or
    Exercise    bench press: 4 sets
or
    Exercise    bench press: 4 sets 5 reps</doc>
<arguments>
<arg>lat raises: 4 reps</arg>
</arguments>
<status status="PASS" starttime="20210309 03:00:52.983" endtime="20210309 03:00:52.983"></status>
</kw>
<kw name="Exercise" library="ExerciseLibrary">
<doc>Example:
or
    Exercise    bench press: 4 sets
or
    Exercise    bench press: 4 sets 5 reps</doc>
<arguments>
<arg>lat raises: 4 reps</arg>
</arguments>
<status status="PASS" starttime="20210309 03:00:52.983" endtime="20210309 03:00:52.983"></status>
</kw>
<kw name="Exercise" library="ExerciseLibrary">
<doc>Example:
or
    Exercise    bench press: 4 sets
or
    Exercise    bench press: 4 sets 5 reps</doc>
<arguments>
<arg>rows: 4 reps</arg>
</arguments>
<status status="PASS" starttime="20210309 03:00:52.984" endtime="20210309 03:00:52.984"></status>
</kw>
<kw name="Exercise" library="ExerciseLibrary">
<doc>Example:
or
    Exercise    bench press: 4 sets
or
    Exercise    bench press: 4 sets 5 reps</doc>
<arguments>
<arg>overhead press: 4 reps</arg>
</arguments>
<status status="PASS" starttime="20210309 03:00:52.984" endtime="20210309 03:00:52.984"></status>
</kw>
<kw name="Exercise" library="ExerciseLibrary">
<doc>Example:
or
    Exercise    bench press: 4 sets
or
    Exercise    bench press: 4 sets 5 reps</doc>
<arguments>
<arg>overhead press: 4 reps</arg>
</arguments>
<status status="PASS" starttime="20210309 03:00:52.984" endtime="20210309 03:00:52.984"></status>
</kw>
<kw name="Exercise" library="ExerciseLibrary">
<doc>Example:
or
    Exercise    bench press: 4 sets
or
    Exercise    bench press: 4 sets 5 reps</doc>
<arguments>
<arg>shrugs: 4 reps</arg>
</arguments>
<status status="PASS" starttime="20210309 03:00:52.985" endtime="20210309 03:00:52.985"></status>
</kw>
<kw name="Rest" library="ExerciseLibrary">
<arguments>
<arg>0.5</arg>
</arguments>
<status status="PASS" starttime="20210309 03:00:52.985" endtime="20210309 03:00:52.985"></status>
</kw>
<kw name="Exercise" library="ExerciseLibrary">
<doc>Example:
or
    Exercise    bench press: 4 sets
or
    Exercise    bench press: 4 sets 5 reps</doc>
<arguments>
<arg>curls: 4 reps</arg>
</arguments>
<status status="PASS" starttime="20210309 03:00:52.985" endtime="20210309 03:00:52.986"></status>
</kw>
<kw name="Exercise" library="ExerciseLibrary">
<doc>Example:
or
    Exercise    bench press: 4 sets
or
    Exercise    bench press: 4 sets 5 reps</doc>
<arguments>
<arg>dips: 4 reps</arg>
</arguments>
<status status="PASS" starttime="20210309 03:00:52.986" endtime="20210309 03:00:52.986"></status>
</kw>
<kw name="Exercise" library="ExerciseLibrary">
<doc>Example:
or
    Exercise    bench press: 4 sets
or
    Exercise    bench press: 4 sets 5 reps</doc>
<arguments>
<arg>curls: 4 reps</arg>
</arguments>
<status status="PASS" starttime="20210309 03:00:52.986" endtime="20210309 03:00:52.986"></status>
</kw>
<kw name="Exercise" library="ExerciseLibrary">
<doc>Example:
or
    Exercise    bench press: 4 sets
or
    Exercise    bench press: 4 sets 5 reps</doc>
<arguments>
<arg>tricep pushdowns: 4 reps</arg>
</arguments>
<status status="PASS" starttime="20210309 03:00:52.986" endtime="20210309 03:00:52.987"></status>
</kw>
<kw name="Exercise" library="ExerciseLibrary">
<doc>Example:
or
    Exercise    bench press: 4 sets
or
    Exercise    bench press: 4 sets 5 reps</doc>
<arguments>
<arg>curls: 4 reps</arg>
</arguments>
<status status="PASS" starttime="20210309 03:00:52.987" endtime="20210309 03:00:52.987"></status>
</kw>
<kw name="Exercise" library="ExerciseLibrary">
<doc>Example:
or
    Exercise    bench press: 4 sets
or
    Exercise    bench press: 4 sets 5 reps</doc>
<arguments>
<arg>tricep pullovers: 4 reps</arg>
</arguments>
<status status="PASS" starttime="20210309 03:00:52.987" endtime="20210309 03:00:52.987"></status>
</kw>
<kw name="Exercise" library="ExerciseLibrary">
<doc>Example:
or
    Exercise    bench press: 4 sets
or
    Exercise    bench press: 4 sets 5 reps</doc>
<arguments>
<arg>pull ups: 4 reps</arg>
</arguments>
<status status="PASS" starttime="20210309 03:00:52.988" endtime="20210309 03:00:52.988"></status>
</kw>
<kw name="Exercise" library="ExerciseLibrary">
<doc>Example:
or
    Exercise    bench press: 4 sets
or
    Exercise    bench press: 4 sets 5 reps</doc>
<arguments>
<arg>tricep pushdowns: 4 reps</arg>
</arguments>
<status status="PASS" starttime="20210309 03:00:52.988" endtime="20210309 03:00:52.989"></status>
</kw>
<status status="PASS" starttime="20210309 03:00:52.969" endtime="20210309 03:00:52.989" critical="yes"></status>
</test>
<doc>Test cases
</doc>
<status status="PASS" starttime="20210309 03:00:52.852" endtime="20210309 03:00:52.990"></status>
</suite>
<statistics>
<total>
<stat pass="5" fail="0">Critical Tests</stat>
<stat pass="5" fail="0">All Tests</stat>
</total>
<tag>
</tag>
<suite>
<stat pass="5" fail="0" id="s1" name="Keyword Driven">Keyword Driven</stat>
</suite>
</statistics>
<errors>
</errors>
</robot>
